<?xml version="1.0" encoding="UTF-8"?>
<testsuite xmlns:xsi="http://www.w3.org/2001/XMLSchema-instance" xsi:noNamespaceSchemaLocation="https://maven.apache.org/surefire/maven-surefire-plugin/xsd/surefire-test-report.xsd" name="com.github.leventarican.streams.AppTest" time="0.047" tests="1" errors="0" skipped="0" failures="0">
  <properties>
    <property name="sun.desktop" value="gnome"/>
    <property name="awt.toolkit" value="sun.awt.X11.XToolkit"/>
    <property name="java.specification.version" value="11"/>
    <property name="sun.cpu.isalist" value=""/>
    <property name="sun.jnu.encoding" value="UTF-8"/>
    <property name="java.class.path" value="/home/code/development/sourcecode/bigdata/apache-kafka/streams/target/test-classes:/home/code/development/sourcecode/bigdata/apache-kafka/streams/target/classes:/home/code/development/maven/localrepo/junit/junit/4.11/junit-4.11.jar:/home/code/development/maven/localrepo/org/hamcrest/hamcrest-core/1.3/hamcrest-core-1.3.jar:"/>
    <property name="java.vm.vendor" value="Azul Systems, Inc."/>
    <property name="sun.arch.data.model" value="64"/>
    <property name="java.vendor.url" value="http://www.azulsystems.com/"/>
    <property name="user.timezone" value=""/>
    <property name="java.vm.specification.version" value="11"/>
    <property name="os.name" value="Linux"/>
    <property name="sun.java.launcher" value="SUN_STANDARD"/>
    <property name="user.country" value="US"/>
    <property name="sun.boot.library.path" value="/home/code/development/zulu11.39.15-ca-jdk11.0.7-linux_x64/lib"/>
    <property name="sun.java.command" value="/home/code/development/sourcecode/bigdata/apache-kafka/streams/target/surefire/surefirebooter1937129669314506586.jar /home/code/development/sourcecode/bigdata/apache-kafka/streams/target/surefire 2021-02-04T23-49-03_555-jvmRun1 surefire10037845958784099563tmp surefire_014205727310018908760tmp"/>
    <property name="jdk.debug" value="release"/>
    <property name="surefire.test.class.path" value="/home/code/development/sourcecode/bigdata/apache-kafka/streams/target/test-classes:/home/code/development/sourcecode/bigdata/apache-kafka/streams/target/classes:/home/code/development/maven/localrepo/junit/junit/4.11/junit-4.11.jar:/home/code/development/maven/localrepo/org/hamcrest/hamcrest-core/1.3/hamcrest-core-1.3.jar:"/>
    <property name="sun.cpu.endian" value="little"/>
    <property name="user.home" value="/home/code"/>
    <property name="user.language" value="en"/>
    <property name="java.specification.vendor" value="Oracle Corporation"/>
    <property name="java.version.date" value="2020-04-14"/>
    <property name="java.home" value="/home/code/development/zulu11.39.15-ca-jdk11.0.7-linux_x64"/>
    <property name="file.separator" value="/"/>
    <property name="basedir" value="/home/code/development/sourcecode/bigdata/apache-kafka/streams"/>
    <property name="java.vm.compressedOopsMode" value="Zero based"/>
    <property name="line.separator" value="&#10;"/>
    <property name="java.specification.name" value="Java Platform API Specification"/>
    <property name="java.vm.specification.vendor" value="Oracle Corporation"/>
    <property name="jdk.vendor.version" value="Zulu11.39+15-CA"/>
    <property name="java.awt.graphicsenv" value="sun.awt.X11GraphicsEnvironment"/>
    <property name="surefire.real.class.path" value="/home/code/development/sourcecode/bigdata/apache-kafka/streams/target/surefire/surefirebooter1937129669314506586.jar"/>
    <property name="sun.management.compiler" value="HotSpot 64-Bit Tiered Compilers"/>
    <property name="java.runtime.version" value="11.0.7+10-LTS"/>
    <property name="user.name" value="code"/>
    <property name="path.separator" value=":"/>
    <property name="os.version" value="5.8.0-41-generic"/>
    <property name="java.runtime.name" value="OpenJDK Runtime Environment"/>
    <property name="file.encoding" value="UTF-8"/>
    <property name="java.vm.name" value="OpenJDK 64-Bit Server VM"/>
    <property name="java.vendor.version" value="Zulu11.39+15-CA"/>
    <property name="localRepository" value="/home/code/development/maven/localrepo"/>
    <property name="java.vendor.url.bug" value="http://www.azulsystems.com/support/"/>
    <property name="java.io.tmpdir" value="/tmp"/>
    <property name="java.version" value="11.0.7"/>
    <property name="user.dir" value="/home/code/development/sourcecode/bigdata/apache-kafka/streams"/>
    <property name="os.arch" value="amd64"/>
    <property name="java.vm.specification.name" value="Java Virtual Machine Specification"/>
    <property name="java.awt.printerjob" value="sun.print.PSPrinterJob"/>
    <property name="sun.os.patch.level" value="unknown"/>
    <property name="java.library.path" value="/usr/java/packages/lib:/usr/lib64:/lib64:/lib:/usr/lib"/>
    <property name="java.vendor" value="Azul Systems, Inc."/>
    <property name="java.vm.info" value="mixed mode"/>
    <property name="java.vm.version" value="11.0.7+10-LTS"/>
    <property name="sun.io.unicode.encoding" value="UnicodeLittle"/>
    <property name="java.class.version" value="55.0"/>
  </properties>
  <testcase name="shouldAnswerWithTrue" classname="com.github.leventarican.streams.AppTest" time="0.003"/>
</testsuite>